PlugLoadDemo/app/build/outputs/logs/manifest-merger-debug-report.txt
-- Merging decision tree log ---
manifest
ADDED from AndroidManifest.xml:2:1
	package
		ADDED from AndroidManifest.xml:3:5
		INJECTED from AndroidManifest.xml:0:0
		INJECTED from AndroidManifest.xml:0:0
	android:versionName
		ADDED from AndroidManifest.xml:5:5
	android:versionCode
		ADDED from AndroidManifest.xml:4:5
		INJECTED from AndroidManifest.xml:0:0
		INJECTED from AndroidManifest.xml:0:0
	xmlns:android
		ADDED from AndroidManifest.xml:2:11
uses-feature#android.hardware.camera
ADDED from AndroidManifest.xml:6:2
	android:required
		ADDED from AndroidManifest.xml:6:55
	android:name
		ADDED from AndroidManifest.xml:6:16
uses-feature#android.hardware.camera.autofocus
ADDED from AndroidManifest.xml:8:2
	android:required
		ADDED from AndroidManifest.xml:8:65
	android:name
		ADDED from AndroidManifest.xml:8:16
uses-feature#android.hardware.bluetooth
ADDED from AndroidManifest.xml:10:2
	android:required
		ADDED from AndroidManifest.xml:10:58
	android:name
		ADDED from AndroidManifest.xml:10:16
uses-feature#android.hardware.location
ADDED from AndroidManifest.xml:12:2
	android:required
		ADDED from AndroidManifest.xml:12:57
	android:name
		ADDED from AndroidManifest.xml:12:16
uses-feature#android.hardware.location.gps
ADDED from AndroidManifest.xml:14:2
	android:required
		ADDED from AndroidManifest.xml:14:61
	android:name
		ADDED from AndroidManifest.xml:14:16
uses-feature#android.hardware.location.network
ADDED from AndroidManifest.xml:16:2
	android:required
		ADDED from AndroidManifest.xml:16:65
	android:name
		ADDED from AndroidManifest.xml:16:16
uses-feature#android.hardware.microphone
ADDED from AndroidManifest.xml:18:2
	android:required
		ADDED from AndroidManifest.xml:18:59
	android:name
		ADDED from AndroidManifest.xml:18:16
uses-feature#android.hardware.telephony
ADDED from AndroidManifest.xml:20:2
	android:required
		ADDED from AndroidManifest.xml:20:58
	android:name
		ADDED from AndroidManifest.xml:20:16
uses-feature#android.hardware.touchscreen
ADDED from AndroidManifest.xml:22:2
	android:required
		ADDED from AndroidManifest.xml:22:60
	android:name
		ADDED from AndroidManifest.xml:22:16
uses-feature#android.hardware.wifi
ADDED from AndroidManifest.xml:24:2
	android:required
		ADDED from AndroidManifest.xml:24:53
	android:name
		ADDED from AndroidManifest.xml:24:16
uses-permission#android.permission.ACCESS_NETWORK_STATE
ADDED from AndroidManifest.xml:26:2
	android:name
		ADDED from AndroidManifest.xml:26:19
uses-permission#android.permission.ACCESS_COARSE_LOCATION
ADDED from AndroidManifest.xml:28:2
	android:name
		ADDED from AndroidManifest.xml:28:19
uses-permission#android.permission.ACCESS_FINE_LOCATION
ADDED from AndroidManifest.xml:30:2
	android:name
		ADDED from AndroidManifest.xml:30:19
uses-permission#android.permission.CAMERA
ADDED from AndroidManifest.xml:32:2
	android:name
		ADDED from AndroidManifest.xml:32:19
uses-permission#android.permission.GET_TASKS
ADDED from AndroidManifest.xml:34:2
	android:name
		ADDED from AndroidManifest.xml:34:19
uses-permission#android.permission.INTERNET
ADDED from AndroidManifest.xml:36:2
	android:name
		ADDED from AndroidManifest.xml:36:19
uses-permission#android.permission.MODIFY_AUDIO_SETTINGS
ADDED from AndroidManifest.xml:38:2
	android:name
		ADDED from AndroidManifest.xml:38:19
uses-permission#android.permission.RECEIVE_BOOT_COMPLETED
ADDED from AndroidManifest.xml:40:2
	android:name
		ADDED from AndroidManifest.xml:40:19
uses-permission#android.permission.RECORD_AUDIO
ADDED from AndroidManifest.xml:42:2
	android:name
		ADDED from AndroidManifest.xml:42:19
uses-permission#android.permission.READ_CONTACTS
ADDED from AndroidManifest.xml:44:2
	android:name
		ADDED from AndroidManifest.xml:44:19
uses-permission#android.permission.READ_SMS
ADDED from AndroidManifest.xml:46:2
	android:name
		ADDED from AndroidManifest.xml:46:19
uses-permission#android.permission.VIBRATE
ADDED from AndroidManifest.xml:48:2
	android:name
		ADDED from AndroidManifest.xml:48:19
uses-permission#android.permission.WAKE_LOCK
ADDED from AndroidManifest.xml:50:2
	android:name
		ADDED from AndroidManifest.xml:50:19
uses-permission#android.permission.WRITE_CONTACTS
ADDED from AndroidManifest.xml:52:2
	android:name
		ADDED from AndroidManifest.xml:52:19
uses-permission#android.permission.WRITE_SETTINGS
ADDED from AndroidManifest.xml:54:2
	android:name
		ADDED from AndroidManifest.xml:54:19
uses-permission#com.android.launcher.permission.INSTALL_SHORTCUT
ADDED from AndroidManifest.xml:56:2
	android:name
		ADDED from AndroidManifest.xml:56:19
uses-permission#com.android.launcher.permission.UNINSTALL_SHORTCUT
ADDED from AndroidManifest.xml:58:2
	android:name
		ADDED from AndroidManifest.xml:58:19
uses-permission#com.android.launcher.permission.READ_SETTINGS
ADDED from AndroidManifest.xml:60:2
	android:name
		ADDED from AndroidManifest.xml:60:19
uses-permission#com.tencent.mm.location.permission.SEND_VIEW
ADDED from AndroidManifest.xml:62:2
	android:name
		ADDED from AndroidManifest.xml:62:19
uses-permission#android.permission.BLUETOOTH
ADDED from AndroidManifest.xml:64:2
	android:name
		ADDED from AndroidManifest.xml:64:19
uses-permission#android.permission.BLUETOOTH_ADMIN
ADDED from AndroidManifest.xml:66:2
	android:name
		ADDED from AndroidManifest.xml:66:19
uses-permission#android.permission.BROADCAST_STICKY
ADDED from AndroidManifest.xml:68:2
	android:name
		ADDED from AndroidManifest.xml:68:19
uses-permission#android.permission.SYSTEM_ALERT_WINDOW
ADDED from AndroidManifest.xml:70:2
	android:name
		ADDED from AndroidManifest.xml:70:19
uses-permission#android.permission.CHANGE_WIFI_STATE
ADDED from AndroidManifest.xml:72:2
	android:name
		ADDED from AndroidManifest.xml:72:19
uses-permission#android.permission.GET_PACKAGE_SIZE
ADDED from AndroidManifest.xml:74:2
	android:name
		ADDED from AndroidManifest.xml:74:19
uses-permission#android.permission.MOUNT_UNMOUNT_FILESYSTEMS
ADDED from AndroidManifest.xml:79:5
	android:name
		ADDED from AndroidManifest.xml:79:22
uses-permission#android.permission.WRITE_EXTERNAL_STORAGE
ADDED from AndroidManifest.xml:80:5
	android:name
		ADDED from AndroidManifest.xml:80:22
uses-sdk
ADDED from AndroidManifest.xml:82:5
MERGED from PlugLoadDemo:android_pluginmgr:unspecified:7:5
MERGED from com.android.support:appcompat-v7:22.1.1:20:5
MERGED from com.android.support:support-v4:22.1.1:20:5
	android:targetSdkVersion
		ADDED from AndroidManifest.xml:84:9
		INJECTED from AndroidManifest.xml:0:0
		INJECTED from AndroidManifest.xml:0:0
	android:minSdkVersion
		ADDED from AndroidManifest.xml:83:9
		INJECTED from AndroidManifest.xml:0:0
		INJECTED from AndroidManifest.xml:0:0
application
ADDED from AndroidManifest.xml:86:5
MERGED from PlugLoadDemo:android_pluginmgr:unspecified:11:5
MERGED from com.android.support:appcompat-v7:22.1.1:22:5
MERGED from com.android.support:support-v4:22.1.1:22:5
	android:label
		ADDED from AndroidManifest.xml:89:9
	android:allowBackup
		ADDED from AndroidManifest.xml:87:9
	android:icon
		ADDED from AndroidManifest.xml:88:9
activity#androidx.plmgrdemo.MainActivity
ADDED from AndroidManifest.xml:91:9
	android:label
		ADDED from AndroidManifest.xml:94:13
	android:windowSoftInputMode
		ADDED from AndroidManifest.xml:93:13
	android:name
		ADDED from AndroidManifest.xml:92:13
intent-filter#android.intent.action.MAIN+android.intent.category.LAUNCHER
ADDED from AndroidManifest.xml:95:13
action#android.intent.action.MAIN
ADDED from AndroidManifest.xml:96:17
	android:name
		ADDED from AndroidManifest.xml:96:25
category#android.intent.category.LAUNCHER
ADDED from AndroidManifest.xml:98:17
	android:name
		ADDED from AndroidManifest.xml:98:27
activity#androidx.pluginmgr.PluginActivity
ADDED from AndroidManifest.xml:102:9
	android:name
		ADDED from AndroidManifest.xml:102:19
uses-permission#android.permission.ACCESS_WIFI_STATE
ADDED from AndroidManifest.xml:104:1
	android:name
		ADDED from AndroidManifest.xml:104:18
uses-permission#android.permission.READ_PHONE_STATE
ADDED from AndroidManifest.xml:106:2
	android:name
		ADDED from AndroidManifest.xml:106:19
uses-permission#android.permission.GET_ACCOUNTS
ADDED from AndroidManifest.xml:108:2
	android:name
		ADDED from AndroidManifest.xml:108:19
uses-permission#android.permission.MANAGE_ACCOUNTS
ADDED from AndroidManifest.xml:110:2
	android:name
		ADDED from AndroidManifest.xml:110:19
uses-permission#android.permission.AUTHENTICATE_ACCOUNTS
ADDED from AndroidManifest.xml:112:2
	android:name
		ADDED from AndroidManifest.xml:112:19
uses-permission#android.permission.READ_SYNC_SETTINGS
ADDED from AndroidManifest.xml:114:2
	android:name
		ADDED from AndroidManifest.xml:114:19
uses-permission#android.permission.WRITE_SYNC_SETTINGS
ADDED from AndroidManifest.xml:116:2
	android:name
		ADDED from AndroidManifest.xml:116:19
uses-permission#android.permission.READ_PROFILE
ADDED from AndroidManifest.xml:118:2
	android:name
		ADDED from AndroidManifest.xml:118:19
uses-feature#android.hardware.bluetooth_le
ADDED from AndroidManifest.xml:120:2
	android:required
		ADDED from AndroidManifest.xml:120:61
	android:name
		ADDED from AndroidManifest.xml:120:16
uses-permission#com.tencent.mm.ext.permission.READ
ADDED from AndroidManifest.xml:122:2
	android:name
		ADDED from AndroidManifest.xml:122:19
uses-permission#com.tencent.mm.ext.permission.WRITE
ADDED from AndroidManifest.xml:124:2
	android:name
		ADDED from AndroidManifest.xml:124:19
uses-permission#com.google.android.c2dm.permission.RECEIVE
ADDED from AndroidManifest.xml:126:2
	android:name
		ADDED from AndroidManifest.xml:126:19
uses-permission#com.tencent.mm.permission.C2D_MESSAGE
ADDED from AndroidManifest.xml:128:2
	android:name
		ADDED from AndroidManifest.xml:128:19
uses-permission#com.android.vending.BILLING
ADDED from AndroidManifest.xml:130:2
	android:name
		ADDED from AndroidManifest.xml:130:19